This is pdfTeX, Version 3.14159265-2.6-1.40.19 (TeX Live 2018) (preloaded format=pdflatex 2018.11.13)  26 DEC 2018 22:35
entering extended mode
 restricted \write18 enabled.
 %&-line parsing enabled.
**"Machine Learning.tex"
(./Machine Learning.tex
LaTeX2e <2018-04-01> patch level 5
(/usr/local/texlive/2018/texmf-dist/tex/latex/base/book.cls
Document Class: book 2014/09/29 v1.4h Standard LaTeX document class
(/usr/local/texlive/2018/texmf-dist/tex/latex/base/bk10.clo
File: bk10.clo 2014/09/29 v1.4h Standard LaTeX file (size option)
)
\c@part=\count80
\c@chapter=\count81
\c@section=\count82
\c@subsection=\count83
\c@subsubsection=\count84
\c@paragraph=\count85
\c@subparagraph=\count86
\c@figure=\count87
\c@table=\count88
\abovecaptionskip=\skip41
\belowcaptionskip=\skip42
\bibindent=\dimen102
)
(/usr/local/texlive/2018/texmf-dist/tex/latex/geometry/geometry.sty
Package: geometry 2018/04/16 v5.8 Page Geometry

(/usr/local/texlive/2018/texmf-dist/tex/latex/graphics/keyval.sty
Package: keyval 2014/10/28 v1.15 key=value parser (DPC)
\KV@toks@=\toks14
)
(/usr/local/texlive/2018/texmf-dist/tex/generic/oberdiek/ifpdf.sty
Package: ifpdf 2018/09/07 v3.3 Provides the ifpdf switch
)
(/usr/local/texlive/2018/texmf-dist/tex/generic/oberdiek/ifvtex.sty
Package: ifvtex 2016/05/16 v1.6 Detect VTeX and its facilities (HO)
Package ifvtex Info: VTeX not detected.
)
(/usr/local/texlive/2018/texmf-dist/tex/generic/ifxetex/ifxetex.sty
Package: ifxetex 2010/09/12 v0.6 Provides ifxetex conditional
)
\Gm@cnth=\count89
\Gm@cntv=\count90
\c@Gm@tempcnt=\count91
\Gm@bindingoffset=\dimen103
\Gm@wd@mp=\dimen104
\Gm@odd@mp=\dimen105
\Gm@even@mp=\dimen106
\Gm@layoutwidth=\dimen107
\Gm@layoutheight=\dimen108
\Gm@layouthoffset=\dimen109
\Gm@layoutvoffset=\dimen110
\Gm@dimlist=\toks15
)
(/usr/local/texlive/2018/texmf-dist/tex/latex/layouts/layouts.sty
Package: layouts 2009/09/02 v2.6d graphical depiction of document elements
\l@ylen=\skip43
\layoutsbox=\box26
\l@youtunitlength=\skip44
\l@youtlinethick=\skip45
\l@youtlinethickii=\skip46
\l@ysetupparskip=\skip47
\l@ysetupbaselineskip=\skip48
\l@yonem=\skip49
\l@yonex=\skip50
\l@ylmarg=\skip51
\l@yrmarg=\skip52
\l@yitmindent=\skip53
\l@ylblwidth=\skip54
\l@ylblsep=\skip55
\l@ylparindent=\skip56
\l@ytsep=\skip57
\l@ypskip=\skip58
\l@yptsep=\skip59
\l@ypsep=\skip60
\l@yitmsep=\skip61
\l@ytok=\toks16
\l@youtpw=\count92
\l@youtph=\count93
\l@youthpi=\count94
\l@youthpii=\count95
\l@youthpiii=\count96
\l@youthpiv=\count97
\l@youthpv=\count98
\l@youthpvi=\count99
\l@youthpvii=\count100
\l@youtparskip=\count101
\l@youtvpi=\count102
\l@youtvpii=\count103
\l@youtvpiii=\count104
\l@youtvpiv=\count105
\l@youtvpv=\count106
\l@youtvpvi=\count107
\l@youtvpvii=\count108
\l@youthdo=\count109
\l@youthdi=\count110
\l@youthdii=\count111
\l@youthdiii=\count112
\l@youthdiv=\count113
\l@youthdv=\count114
\l@youthdvi=\count115
\l@youthdvii=\count116
\l@youtvdo=\count117
\l@youtvdi=\count118
\l@youtvdii=\count119
\l@youtvdiii=\count120
\l@youtvdiv=\count121
\l@youtvdv=\count122
\l@youtvdvi=\count123
\l@youtvdvii=\count124
\l@youtvdviii=\count125
\l@youtxci=\count126
\l@youtxcii=\count127
\l@youtxciii=\count128
\l@youtxciv=\count129
\l@youtxcv=\count130
\l@youtxcvi=\count131
\l@youtyci=\count132
\l@youtycii=\count133
\l@youtyciii=\count134
\l@youtyciv=\count135
\l@youtycv=\count136
\l@youtycvi=\count137
\l@youtycvii=\count138
\l@youtycviii=\count139
\l@youtxco=\count140
\l@youtyco=\count141
\l@ytempdima=\skip62
\stockwidth=\skip63
\stockheight=\skip64
\trimedge=\skip65
\trimtop=\skip66
\uppermargin=\skip67
\spinemargin=\skip68
)
(/usr/local/texlive/2018/texmf-dist/tex/latex/paralist/paralist.sty
Package: paralist 2017/01/22 v2.7 Extended list environments
\pltopsep=\skip69
\plpartopsep=\skip70
\plitemsep=\skip71
\plparsep=\skip72
\pl@lab=\toks17
)
(/usr/local/texlive/2018/texmf-dist/tex/latex/hyperref/hyperref.sty
Package: hyperref 2018/09/30 v6.88a Hypertext links for LaTeX

(/usr/local/texlive/2018/texmf-dist/tex/generic/oberdiek/hobsub-hyperref.sty
Package: hobsub-hyperref 2016/05/16 v1.14 Bundle oberdiek, subset hyperref (HO)


(/usr/local/texlive/2018/texmf-dist/tex/generic/oberdiek/hobsub-generic.sty
Package: hobsub-generic 2016/05/16 v1.14 Bundle oberdiek, subset generic (HO)
Package: hobsub 2016/05/16 v1.14 Construct package bundles (HO)
Package: infwarerr 2016/05/16 v1.4 Providing info/warning/error messages (HO)
Package: ltxcmds 2016/05/16 v1.23 LaTeX kernel commands for general use (HO)
Package: ifluatex 2016/05/16 v1.4 Provides the ifluatex switch (HO)
Package ifluatex Info: LuaTeX not detected.
Package hobsub Info: Skipping package `ifvtex' (already loaded).
Package: intcalc 2016/05/16 v1.2 Expandable calculations with integers (HO)
Package hobsub Info: Skipping package `ifpdf' (already loaded).
Package: etexcmds 2016/05/16 v1.6 Avoid name clashes with e-TeX commands (HO)
Package etexcmds Info: Could not find \expanded.
(etexcmds)             That can mean that you are not using pdfTeX 1.50 or
(etexcmds)             that some package has redefined \expanded.
(etexcmds)             In the latter case, load this package earlier.
Package: kvsetkeys 2016/05/16 v1.17 Key value parser (HO)
Package: kvdefinekeys 2016/05/16 v1.4 Define keys (HO)
Package: pdftexcmds 2018/09/10 v0.29 Utility functions of pdfTeX for LuaTeX (HO
)
Package pdftexcmds Info: LuaTeX not detected.
Package pdftexcmds Info: \pdf@primitive is available.
Package pdftexcmds Info: \pdf@ifprimitive is available.
Package pdftexcmds Info: \pdfdraftmode found.
Package: pdfescape 2016/05/16 v1.14 Implements pdfTeX's escape features (HO)
Package: bigintcalc 2016/05/16 v1.4 Expandable calculations on big integers (HO
)
Package: bitset 2016/05/16 v1.2 Handle bit-vector datatype (HO)
Package: uniquecounter 2016/05/16 v1.3 Provide unlimited unique counter (HO)
)
Package hobsub Info: Skipping package `hobsub' (already loaded).
Package: letltxmacro 2016/05/16 v1.5 Let assignment for LaTeX macros (HO)
Package: hopatch 2016/05/16 v1.3 Wrapper for package hooks (HO)
Package: xcolor-patch 2016/05/16 xcolor patch
Package: atveryend 2016/05/16 v1.9 Hooks at the very end of document (HO)
Package atveryend Info: \enddocument detected (standard20110627).
Package: atbegshi 2016/06/09 v1.18 At begin shipout hook (HO)
Package: refcount 2016/05/16 v3.5 Data extraction from label references (HO)
Package: hycolor 2016/05/16 v1.8 Color options for hyperref/bookmark (HO)
)
(/usr/local/texlive/2018/texmf-dist/tex/latex/oberdiek/auxhook.sty
Package: auxhook 2016/05/16 v1.4 Hooks for auxiliary files (HO)
)
(/usr/local/texlive/2018/texmf-dist/tex/latex/oberdiek/kvoptions.sty
Package: kvoptions 2016/05/16 v3.12 Key value format for package options (HO)
)
\@linkdim=\dimen111
\Hy@linkcounter=\count142
\Hy@pagecounter=\count143

(/usr/local/texlive/2018/texmf-dist/tex/latex/hyperref/pd1enc.def
File: pd1enc.def 2018/09/30 v6.88a Hyperref: PDFDocEncoding definition (HO)
Now handling font encoding PD1 ...
... no UTF-8 mapping file for font encoding PD1
)
\Hy@SavedSpaceFactor=\count144

(/usr/local/texlive/2018/texmf-dist/tex/latex/latexconfig/hyperref.cfg
File: hyperref.cfg 2002/06/06 v1.2 hyperref configuration of TeXLive
)
Package hyperref Info: Hyper figures OFF on input line 4535.
Package hyperref Info: Link nesting OFF on input line 4540.
Package hyperref Info: Hyper index ON on input line 4543.
Package hyperref Info: Plain pages OFF on input line 4550.
Package hyperref Info: Backreferencing OFF on input line 4555.
Package hyperref Info: Implicit mode ON; LaTeX internals redefined.
Package hyperref Info: Bookmarks ON on input line 4788.
\c@Hy@tempcnt=\count145

(/usr/local/texlive/2018/texmf-dist/tex/latex/url/url.sty
\Urlmuskip=\muskip10
Package: url 2013/09/16  ver 3.4  Verb mode for urls, etc.
)
LaTeX Info: Redefining \url on input line 5141.
\XeTeXLinkMargin=\dimen112
\Fld@menulength=\count146
\Field@Width=\dimen113
\Fld@charsize=\dimen114
Package hyperref Info: Hyper figures OFF on input line 6396.
Package hyperref Info: Link nesting OFF on input line 6401.
Package hyperref Info: Hyper index ON on input line 6404.
Package hyperref Info: backreferencing OFF on input line 6411.
Package hyperref Info: Link coloring OFF on input line 6416.
Package hyperref Info: Link coloring with OCG OFF on input line 6421.
Package hyperref Info: PDF/A mode OFF on input line 6426.
LaTeX Info: Redefining \ref on input line 6466.
LaTeX Info: Redefining \pageref on input line 6470.
\Hy@abspage=\count147
\c@Item=\count148
\c@Hfootnote=\count149
)
Package hyperref Info: Driver (autodetected): hpdftex.

(/usr/local/texlive/2018/texmf-dist/tex/latex/hyperref/hpdftex.def
File: hpdftex.def 2018/09/30 v6.88a Hyperref driver for pdfTeX
\Fld@listcount=\count150
\c@bookmark@seq@number=\count151

(/usr/local/texlive/2018/texmf-dist/tex/latex/oberdiek/rerunfilecheck.sty
Package: rerunfilecheck 2016/05/16 v1.8 Rerun checks for auxiliary files (HO)
Package uniquecounter Info: New unique counter `rerunfilecheck' on input line 2
82.
)
\Hy@SectionHShift=\skip73
)
(/usr/local/texlive/2018/texmf-dist/tex/latex/xcolor/xcolor.sty
Package: xcolor 2016/05/11 v2.12 LaTeX color extensions (UK)

(/usr/local/texlive/2018/texmf-dist/tex/latex/graphics-cfg/color.cfg
File: color.cfg 2016/01/02 v1.6 sample color configuration
)
Package xcolor Info: Driver file: pdftex.def on input line 225.

(/usr/local/texlive/2018/texmf-dist/tex/latex/graphics-def/pdftex.def
File: pdftex.def 2018/01/08 v1.0l Graphics/color driver for pdftex
)
Package xcolor Info: Model `cmy' substituted by `cmy0' on input line 1348.
Package xcolor Info: Model `hsb' substituted by `rgb' on input line 1352.
Package xcolor Info: Model `RGB' extended on input line 1364.
Package xcolor Info: Model `HTML' substituted by `rgb' on input line 1366.
Package xcolor Info: Model `Hsb' substituted by `hsb' on input line 1367.
Package xcolor Info: Model `tHsb' substituted by `hsb' on input line 1368.
Package xcolor Info: Model `HSB' substituted by `hsb' on input line 1369.
Package xcolor Info: Model `Gray' substituted by `gray' on input line 1370.
Package xcolor Info: Model `wave' substituted by `hsb' on input line 1371.
)
Package hyperref Info: Option `colorlinks' set `true' on input line 15.

(/usr/local/texlive/2018/texmf-dist/tex/latex/graphics/graphicx.sty
Package: graphicx 2017/06/01 v1.1a Enhanced LaTeX Graphics (DPC,SPQR)

(/usr/local/texlive/2018/texmf-dist/tex/latex/graphics/graphics.sty
Package: graphics 2017/06/25 v1.2c Standard LaTeX Graphics (DPC,SPQR)

(/usr/local/texlive/2018/texmf-dist/tex/latex/graphics/trig.sty
Package: trig 2016/01/03 v1.10 sin cos tan (DPC)
)
(/usr/local/texlive/2018/texmf-dist/tex/latex/graphics-cfg/graphics.cfg
File: graphics.cfg 2016/06/04 v1.11 sample graphics configuration
)
Package graphics Info: Driver file: pdftex.def on input line 99.
)
\Gin@req@height=\dimen115
\Gin@req@width=\dimen116
)
(/usr/local/texlive/2018/texmf-dist/tex/latex/amsfonts/amssymb.sty
Package: amssymb 2013/01/14 v3.01 AMS font symbols

(/usr/local/texlive/2018/texmf-dist/tex/latex/amsfonts/amsfonts.sty
Package: amsfonts 2013/01/14 v3.01 Basic AMSFonts support
\@emptytoks=\toks18
\symAMSa=\mathgroup4
\symAMSb=\mathgroup5
LaTeX Font Info:    Overwriting math alphabet `\mathfrak' in version `bold'
(Font)                  U/euf/m/n --> U/euf/b/n on input line 106.
))
(/usr/local/texlive/2018/texmf-dist/tex/latex/mathtools/mathtools.sty
Package: mathtools 2018/01/08 v1.21 mathematical typesetting tools

(/usr/local/texlive/2018/texmf-dist/tex/latex/tools/calc.sty
Package: calc 2017/05/25 v4.3 Infix arithmetic (KKT,FJ)
\calc@Acount=\count152
\calc@Bcount=\count153
\calc@Adimen=\dimen117
\calc@Bdimen=\dimen118
\calc@Askip=\skip74
\calc@Bskip=\skip75
LaTeX Info: Redefining \setlength on input line 80.
LaTeX Info: Redefining \addtolength on input line 81.
\calc@Ccount=\count154
\calc@Cskip=\skip76
)
(/usr/local/texlive/2018/texmf-dist/tex/latex/mathtools/mhsetup.sty
Package: mhsetup 2017/03/31 v1.3 programming setup (MH)
)
(/usr/local/texlive/2018/texmf-dist/tex/latex/amsmath/amsmath.sty
Package: amsmath 2017/09/02 v2.17a AMS math features
\@mathmargin=\skip77

For additional information on amsmath, use the `?' option.
(/usr/local/texlive/2018/texmf-dist/tex/latex/amsmath/amstext.sty
Package: amstext 2000/06/29 v2.01 AMS text

(/usr/local/texlive/2018/texmf-dist/tex/latex/amsmath/amsgen.sty
File: amsgen.sty 1999/11/30 v2.0 generic functions
\@emptytoks=\toks19
\ex@=\dimen119
))
(/usr/local/texlive/2018/texmf-dist/tex/latex/amsmath/amsbsy.sty
Package: amsbsy 1999/11/29 v1.2d Bold Symbols
\pmbraise@=\dimen120
)
(/usr/local/texlive/2018/texmf-dist/tex/latex/amsmath/amsopn.sty
Package: amsopn 2016/03/08 v2.02 operator names
)
\inf@bad=\count155
LaTeX Info: Redefining \frac on input line 213.
\uproot@=\count156
\leftroot@=\count157
LaTeX Info: Redefining \overline on input line 375.
\classnum@=\count158
\DOTSCASE@=\count159
LaTeX Info: Redefining \ldots on input line 472.
LaTeX Info: Redefining \dots on input line 475.
LaTeX Info: Redefining \cdots on input line 596.
\Mathstrutbox@=\box27
\strutbox@=\box28
\big@size=\dimen121
LaTeX Font Info:    Redeclaring font encoding OML on input line 712.
LaTeX Font Info:    Redeclaring font encoding OMS on input line 713.
\macc@depth=\count160
\c@MaxMatrixCols=\count161
\dotsspace@=\muskip11
\c@parentequation=\count162
\dspbrk@lvl=\count163
\tag@help=\toks20
\row@=\count164
\column@=\count165
\maxfields@=\count166
\andhelp@=\toks21
\eqnshift@=\dimen122
\alignsep@=\dimen123
\tagshift@=\dimen124
\tagwidth@=\dimen125
\totwidth@=\dimen126
\lineht@=\dimen127
\@envbody=\toks22
\multlinegap=\skip78
\multlinetaggap=\skip79
\mathdisplay@stack=\toks23
LaTeX Info: Redefining \[ on input line 2817.
LaTeX Info: Redefining \] on input line 2818.
)
LaTeX Info: Thecontrolsequence`\('isalreadyrobust on input line 129.
LaTeX Info: Thecontrolsequence`\)'isalreadyrobust on input line 129.
LaTeX Info: Thecontrolsequence`\['isalreadyrobust on input line 129.
LaTeX Info: Thecontrolsequence`\]'isalreadyrobust on input line 129.
\g_MT_multlinerow_int=\count167
\l_MT_multwidth_dim=\dimen128
\origjot=\skip80
\l_MT_shortvdotswithinadjustabove_dim=\dimen129
\l_MT_shortvdotswithinadjustbelow_dim=\dimen130
\l_MT_above_intertext_sep=\dimen131
\l_MT_below_intertext_sep=\dimen132
\l_MT_above_shortintertext_sep=\dimen133
\l_MT_below_shortintertext_sep=\dimen134
)
(./Machine Learning.aux)
\openout1 = `"Machine Learning.aux"'.

LaTeX Font Info:    Checking defaults for OML/cmm/m/it on input line 47.
LaTeX Font Info:    ... okay on input line 47.
LaTeX Font Info:    Checking defaults for T1/cmr/m/n on input line 47.
LaTeX Font Info:    ... okay on input line 47.
LaTeX Font Info:    Checking defaults for OT1/cmr/m/n on input line 47.
LaTeX Font Info:    ... okay on input line 47.
LaTeX Font Info:    Checking defaults for OMS/cmsy/m/n on input line 47.
LaTeX Font Info:    ... okay on input line 47.
LaTeX Font Info:    Checking defaults for OMX/cmex/m/n on input line 47.
LaTeX Font Info:    ... okay on input line 47.
LaTeX Font Info:    Checking defaults for U/cmr/m/n on input line 47.
LaTeX Font Info:    ... okay on input line 47.
LaTeX Font Info:    Checking defaults for PD1/pdf/m/n on input line 47.
LaTeX Font Info:    ... okay on input line 47.

*geometry* driver: auto-detecting
*geometry* detected driver: pdftex
*geometry* verbose mode - [ preamble ] result:
* driver: pdftex
* paper: <default>
* layout: <same size as paper>
* layoutoffset:(h,v)=(0.0pt,0.0pt)
* modes: 
* h-part:(L,W,R)=(56.9055pt, 415.12572pt, 142.26378pt)
* v-part:(T,H,B)=(56.9055pt, 642.66711pt, 95.39737pt)
* \paperwidth=614.295pt
* \paperheight=794.96999pt
* \textwidth=415.12572pt
* \textheight=642.66711pt
* \oddsidemargin=-15.36449pt
* \evensidemargin=-15.36449pt
* \topmargin=-45.43198pt
* \headheight=12.0pt
* \headsep=18.06749pt
* \topskip=10.0pt
* \footskip=25.29494pt
* \marginparwidth=69.0pt
* \marginparsep=7.0pt
* \columnsep=10.0pt
* \skip\footins=9.0pt plus 4.0pt minus 2.0pt
* \hoffset=0.0pt
* \voffset=0.0pt
* \mag=1000
* \@twocolumnfalse
* \@twosidefalse
* \@mparswitchfalse
* \@reversemarginfalse
* (1in=72.27pt=25.4mm, 1cm=28.453pt)


Package layouts Warning: Layout scale set to 0.5 on input line 47.

\AtBeginShipoutBox=\box29

Package hyperref Warning: Height of page (\stockheight) is invalid (0.0pt),
(hyperref)                using 11in.

Package hyperref Info: Link coloring ON on input line 47.
(/usr/local/texlive/2018/texmf-dist/tex/latex/hyperref/nameref.sty
Package: nameref 2016/05/21 v2.44 Cross-referencing by name of section

(/usr/local/texlive/2018/texmf-dist/tex/generic/oberdiek/gettitlestring.sty
Package: gettitlestring 2016/05/16 v1.5 Cleanup title references (HO)
)
\c@section@level=\count168
)
LaTeX Info: Redefining \ref on input line 47.
LaTeX Info: Redefining \pageref on input line 47.
LaTeX Info: Redefining \nameref on input line 47.

(./Machine Learning.out) (./Machine Learning.out)
\@outlinefile=\write3
\openout3 = `"Machine Learning.out"'.


(/usr/local/texlive/2018/texmf-dist/tex/context/base/mkii/supp-pdf.mkii
[Loading MPS to PDF converter (version 2006.09.02).]
\scratchcounter=\count169
\scratchdimen=\dimen135
\scratchbox=\box30
\nofMPsegments=\count170
\nofMParguments=\count171
\everyMPshowfont=\toks24
\MPscratchCnt=\count172
\MPscratchDim=\dimen136
\MPnumerator=\count173
\makeMPintoPDFobject=\count174
\everyMPtoPDFconversion=\toks25
) (/usr/local/texlive/2018/texmf-dist/tex/latex/oberdiek/epstopdf-base.sty
Package: epstopdf-base 2016/05/15 v2.6 Base part for package epstopdf

(/usr/local/texlive/2018/texmf-dist/tex/latex/oberdiek/grfext.sty
Package: grfext 2016/05/16 v1.2 Manage graphics extensions (HO)
)
Package epstopdf-base Info: Redefining graphics rule for `.eps' on input line 4
38.
Package grfext Info: Graphics extension search list:
(grfext)             [.pdf,.png,.jpg,.mps,.jpeg,.jbig2,.jb2,.PDF,.PNG,.JPG,.JPE
G,.JBIG2,.JB2,.eps]
(grfext)             \AppendGraphicsExtensions on input line 456.

(/usr/local/texlive/2018/texmf-dist/tex/latex/latexconfig/epstopdf-sys.cfg
File: epstopdf-sys.cfg 2010/07/13 v1.3 Configuration of (r)epstopdf for TeX Liv
e
))
LaTeX Font Info:    Try loading font information for U+msa on input line 49.

(/usr/local/texlive/2018/texmf-dist/tex/latex/amsfonts/umsa.fd
File: umsa.fd 2013/01/14 v3.01 AMS symbols A
)
LaTeX Font Info:    Try loading font information for U+msb on input line 49.

(/usr/local/texlive/2018/texmf-dist/tex/latex/amsfonts/umsb.fd
File: umsb.fd 2013/01/14 v3.01 AMS symbols B
) [1


{/usr/local/texlive/2018/texmf-var/fonts/map/pdftex/updmap/pdftex.map}]
(./Machine Learning.toc [1


])
\tf@toc=\write4
\openout4 = `"Machine Learning.toc"'.

 [2] (./Machine Learning.lof)
\tf@lof=\write5
\openout5 = `"Machine Learning.lof"'.

 [3

]
(./Machine Learning.lot)
\tf@lot=\write6
\openout6 = `"Machine Learning.lot"'.

 [4

] (./Math/Math.tex
Chapter 1.
LaTeX Font Info:    Try loading font information for OMS+cmr on input line 6.
(/usr/local/texlive/2018/texmf-dist/tex/latex/base/omscmr.fd
File: omscmr.fd 2014/09/29 v2.5h Standard LaTeX font definitions
)
LaTeX Font Info:    Font shape `OMS/cmr/m/n' in size <10> not available
(Font)              Font shape `OMS/cmsy/m/n' tried instead on input line 6.
pdfTeX warning (ext4): destination with the same identifier (name{page.1}) has 
been already used, duplicate ignored
<to be read again> 
                   \relax 
l.39 		\item $
              (x,y)$: coordinate under Field $D$ [1


] [2]
Overfull \hbox (38.03133pt too wide) detected at line 108
[]
 []

[3] [4] [5] [6] [7]
Overfull \hbox (55.29424pt too wide) detected at line 449
[]
 []

[8] [9] [10]) (./Introduction/Introduction.tex [11]
Chapter 2.
[12

] [13]
Overfull \hbox (22.10822pt too wide) in paragraph at lines 158--161
[]$[]\OML/cmm/m/it/10 p\OT1/cmr/m/n/10 (\OML/cmm/m/it/10 ^^R\OT1/cmr/m/n/10 ) =
 \OMS/cmsy/m/n/10 N\OT1/cmr/m/n/10 (\OML/cmm/m/it/10 ^^R\OMS/cmsy/m/n/10 j\OT1/
cmr/m/n/10 0\OML/cmm/m/it/10 ; []I\OT1/cmr/m/n/10 )[]$ 
 []


LaTeX Font Warning: Command \small invalid in math mode on input line 173.

[14]
Overfull \hbox (68.40292pt too wide) in paragraph at lines 199--200
[]$ 
 []

[15]

LaTeX Font Warning: Command \small invalid in math mode on input line 259.


LaTeX Font Warning: Command \small invalid in math mode on input line 288.


LaTeX Font Warning: Command \small invalid in math mode on input line 294.


LaTeX Font Warning: Command \small invalid in math mode on input line 308.


LaTeX Font Warning: Command \small invalid in math mode on input line 308.


LaTeX Font Warning: Command \large invalid in math mode on input line 313.


LaTeX Font Warning: Command \small invalid in math mode on input line 313.

[16]

LaTeX Font Warning: Command \small invalid in math mode on input line 328.


Overfull \hbox (12.42805pt too wide) in paragraph at lines 327--330
[]\OT1/cmr/m/n/10 - classes $\OML/cmm/m/it/10 C[]; :::; C[]$\OT1/cmr/m/n/10 , d
e-ci-sion re-gions $\OMS/cmsy/m/n/10 R[]\OML/cmm/m/it/10 ; :::; \OMS/cmsy/m/n/1
0 R[]$ \OT1/cmr/m/n/10 - Min-imze $\OML/cmm/m/it/10 p\OT1/cmr/m/n/10 (\OML/cmm/
m/it/10 mistake\OT1/cmr/m/n/10 ) = []([][] [] \OML/cmm/m/it/10 p\OT1/cmr/m/n/10
 (\OML/cmm/m/it/10 x; C[]\OT1/cmr/m/n/10 )\OML/cmm/m/it/10 dx\OT1/cmr/m/n/10 )$

 []


LaTeX Font Warning: Command \small invalid in math mode on input line 335.


Overfull \hbox (61.06946pt too wide) in paragraph at lines 333--343
[]\OT1/cmr/m/n/10 - Find a dis-crim-i-nant func-tion - Dis-crim-i-na-tive Mod-e
ls: $[]$
 []


LaTeX Font Warning: Command \small invalid in math mode on input line 376.


LaTeX Font Warning: Command \small invalid in math mode on input line 380.

[17]

LaTeX Font Warning: Command \small invalid in math mode on input line 386.


LaTeX Font Warning: Command \small invalid in math mode on input line 418.


LaTeX Font Warning: Command \small invalid in math mode on input line 422.


LaTeX Font Warning: Command \small invalid in math mode on input line 424.


LaTeX Font Warning: Command \small invalid in math mode on input line 426.


LaTeX Font Warning: Command \small invalid in math mode on input line 432.


LaTeX Font Warning: Command \small invalid in math mode on input line 432.


Overfull \hbox (17.613pt too wide) in paragraph at lines 432--433
[]$ 
 []


LaTeX Font Warning: Command \small invalid in math mode on input line 436.

[18]

LaTeX Font Warning: Command \small invalid in math mode on input line 469.


LaTeX Font Warning: Command \small invalid in math mode on input line 477.


LaTeX Font Warning: Command \small invalid in math mode on input line 488.

[19]

LaTeX Font Warning: Command \small invalid in math mode on input line 510.


LaTeX Font Warning: Command \small invalid in math mode on input line 538.

[20]

LaTeX Font Warning: Command \large invalid in math mode on input line 572.


LaTeX Font Warning: Command \large invalid in math mode on input line 578.


LaTeX Font Warning: Command \small invalid in math mode on input line 578.


Overfull \hbox (99.57849pt too wide) in paragraph at lines 617--620
\OMS/cmsy/m/n/10 ^^@[] []\OT1/cmr/m/n/10 (\OML/cmm/m/it/10 y[]logh[]\OT1/cmr/m/
n/10 (\OML/cmm/m/it/10 x[]\OT1/cmr/m/n/10 ) + (1 \OMS/cmsy/m/n/10 ^^@ \OML/cmm/
m/it/10 y[]\OT1/cmr/m/n/10 )\OML/cmm/m/it/10 logh[]\OT1/cmr/m/n/10 (\OML/cmm/m/
it/10 x[]\OT1/cmr/m/n/10 ))$ - Mis-class-fi-ca-tion er-ror: $\OML/cmm/m/it/10 J
[]\OT1/cmr/m/n/10 (\OML/cmm/m/it/10 ^^R\OT1/cmr/m/n/10 ) = [] [] \OML/cmm/m/it/
10 err\OT1/cmr/m/n/10 (\OML/cmm/m/it/10 h[]\OT1/cmr/m/n/10 (\OML/cmm/m/it/10 x[
]\OT1/cmr/m/n/10 )\OML/cmm/m/it/10 ; y[]\OT1/cmr/m/n/10 )$
 []

[21]

LaTeX Font Warning: Command \small invalid in math mode on input line 710.


LaTeX Font Warning: Command \small invalid in math mode on input line 711.


Overfull \hbox (16.87506pt too wide) in paragraph at lines 713--714
[]\OT1/cmr/m/n/10 ![Posiible Pre-ci-sion -Recall curev](../../Machine Learn-ing
/Statistical 0Ma-chine Learn-ing/Posiible
 []

[22]

LaTeX Font Warning: Command \small invalid in math mode on input line 722.


LaTeX Font Warning: Command \small invalid in math mode on input line 722.


LaTeX Font Warning: Command \small invalid in math mode on input line 753.


LaTeX Font Warning: Command \small invalid in math mode on input line 758.


LaTeX Font Warning: Command \small invalid in math mode on input line 764.


LaTeX Font Warning: Command \small invalid in math mode on input line 779.

[23]
Overfull \hbox (9.8893pt too wide) detected at line 791
[]
 []


Overfull \hbox (58.25821pt too wide) in paragraph at lines 801--802
\OMS/cmsy/m/n/10 ) [][] 
 []

[24]
Overfull \hbox (2.54442pt too wide) in paragraph at lines 871--877
\OML/cmm/m/it/10 VDV[][]$ \OT1/cmr/m/n/10 - $\OMS/cmsy/m/n/10 8\OML/cmm/m/it/10
 n; y[] \OT1/cmr/m/n/10 = \OML/cmm/m/it/10 D[]V[]\OT1/cmr/m/n/10 (\OML/cmm/m/it
/10 x[] \OMS/cmsy/m/n/10 ^^@ []\OT1/cmr/m/n/10 )[]$ 
 []

[25] [26]

LaTeX Font Warning: Command \large invalid in math mode on input line 1007.


Overfull \hbox (39.6678pt too wide) in paragraph at lines 1007--1008
[]\OT1/cmr/m/n/10 - Up-date Rule: $\OMS/cmsy/m/n/10 8\OML/cmm/m/it/10 ^^R[] \OM
S/cmsy/m/n/10 2 \OML/cmm/m/it/10 ^^R[]; ^^R[] \OT1/cmr/m/n/10 := \OML/cmm/m/it/
10 ^^R[] \OMS/cmsy/m/n/10 ^^@ \OML/cmm/m/it/10 []$\OT1/cmr/m/n/10 , $[] = [](\
OML/cmm/m/it/10 x[]^^R[] \OMS/cmsy/m/n/10 ^^@ \OML/cmm/m/it/10 y[]\OT1/cmr/m/n/
10 )\OML/cmm/m/it/10 x[] \OT1/cmr/m/n/10 + \OML/cmm/m/it/10 ^^U^^R[]; []$ 
 []


LaTeX Font Warning: Command \large invalid in math mode on input line 1017.


LaTeX Font Warning: Command \large invalid in math mode on input line 1037.


LaTeX Font Warning: Command \large invalid in math mode on input line 1038.

[27]

LaTeX Font Warning: Command \small invalid in math mode on input line 1098.


LaTeX Font Warning: Command \small invalid in math mode on input line 1098.

[28] [29]) (./Linear Models for Regression/Linear Models for Regression.tex
[30]
Chapter 3.
) (./Linear Models for Classification/Linear Models for Classification.tex
[31

]
Chapter 4.
) (./Kernel Methods/Kernel Methods.tex [32

]
Chapter 5.
) (./Graphical Models/Graphical Models.tex [33

]
Chapter 6.
) (./Mixture Models and EM/Mixture Models and EM.tex [34

]
Chapter 7.
) (./Approximate Inference/Approximate Inference.tex [35

]
Chapter 8.
) (./Sampling Methods/Sampling Methods.tex [36

]
Chapter 9.
) (./Continuous Latent Variables/Continuous Latent Variables.tex [37

]
Chapter 10.
) (./Sequential Data/Sequential Data.tex [38

]
Chapter 11.
) (./Combining Models/Combining Models.tex) (./Deep Learning/Deep Learning.tex
[39

]
Chapter 12.
[40

] [41]

LaTeX Warning: File `./Deep Learning/background-largedata.png' not found on inp
ut line 149.

<./Deep Learning/background-largedata.png, id=581, 1866.975pt x 879.285pt>
File: ./Deep Learning/background-largedata.png Graphic file (type png)
<use ./Deep Learning/background-largedata.png>
Package pdftex.def Info: ./Deep Learning/background-largedata.png  used on inpu
t line 149.
(pdftex.def)             Requested size: 415.12572pt x 195.50948pt.

Overfull \hbox (159.1115pt too wide) in paragraph at lines 149--150
[]\OT1/cmr/m/n/10 Learning/background-largedata.png [] 
 []

[42 <./Deep Learning/background-largedata.png>] [43]) [44]
Package atveryend Info: Empty hook `BeforeClearDocument' on input line 75.
Package atveryend Info: Empty hook `AfterLastShipout' on input line 75.

(./Machine Learning.aux)
Package atveryend Info: Executing hook `AtVeryEndDocument' on input line 75.
Package atveryend Info: Executing hook `AtEndAfterFileList' on input line 75.
Package rerunfilecheck Info: File `"Machine Learning".out' has not changed.
(rerunfilecheck)             Checksum: AA57C0721065DAB62AFF972CFB6C0D13;3958.
Package atveryend Info: Empty hook `AtVeryVeryEnd' on input line 75.
 ) 
Here is how much of TeX's memory you used:
 8095 strings out of 492639
 117334 string characters out of 6129286
 246567 words of memory out of 5000000
 11649 multiletter control sequences out of 15000+600000
 17682 words of font info for 66 fonts, out of 8000000 for 9000
 1141 hyphenation exceptions out of 8191
 33i,20n,35p,1515b,533s stack positions out of 5000i,500n,10000p,200000b,80000s
</usr/local/texlive/2018/texmf-dist/fonts/type1/public/amsfonts/cm/cmbsy10.pf
b></usr/local/texlive/2018/texmf-dist/fonts/type1/public/amsfonts/cm/cmbx10.pfb
></usr/local/texlive/2018/texmf-dist/fonts/type1/public/amsfonts/cm/cmbx12.pfb>
</usr/local/texlive/2018/texmf-dist/fonts/type1/public/amsfonts/cm/cmbx7.pfb></
usr/local/texlive/2018/texmf-dist/fonts/type1/public/amsfonts/cm/cmex10.pfb></u
sr/local/texlive/2018/texmf-dist/fonts/type1/public/amsfonts/cm/cmmi10.pfb></us
r/local/texlive/2018/texmf-dist/fonts/type1/public/amsfonts/cm/cmmi5.pfb></usr/
local/texlive/2018/texmf-dist/fonts/type1/public/amsfonts/cm/cmmi6.pfb></usr/lo
cal/texlive/2018/texmf-dist/fonts/type1/public/amsfonts/cm/cmmi7.pfb></usr/loca
l/texlive/2018/texmf-dist/fonts/type1/public/amsfonts/cm/cmmi9.pfb></usr/local/
texlive/2018/texmf-dist/fonts/type1/public/amsfonts/cm/cmmib10.pfb></usr/local/
texlive/2018/texmf-dist/fonts/type1/public/amsfonts/cmextra/cmmib7.pfb></usr/lo
cal/texlive/2018/texmf-dist/fonts/type1/public/amsfonts/cm/cmr10.pfb></usr/loca
l/texlive/2018/texmf-dist/fonts/type1/public/amsfonts/cm/cmr12.pfb></usr/local/
texlive/2018/texmf-dist/fonts/type1/public/amsfonts/cm/cmr17.pfb></usr/local/te
xlive/2018/texmf-dist/fonts/type1/public/amsfonts/cm/cmr5.pfb></usr/local/texli
ve/2018/texmf-dist/fonts/type1/public/amsfonts/cm/cmr6.pfb></usr/local/texlive/
2018/texmf-dist/fonts/type1/public/amsfonts/cm/cmr7.pfb></usr/local/texlive/201
8/texmf-dist/fonts/type1/public/amsfonts/cm/cmr9.pfb></usr/local/texlive/2018/t
exmf-dist/fonts/type1/public/amsfonts/cm/cmsl10.pfb></usr/local/texlive/2018/te
xmf-dist/fonts/type1/public/amsfonts/cm/cmsy10.pfb></usr/local/texlive/2018/tex
mf-dist/fonts/type1/public/amsfonts/cm/cmsy5.pfb></usr/local/texlive/2018/texmf
-dist/fonts/type1/public/amsfonts/cm/cmsy7.pfb></usr/local/texlive/2018/texmf-d
ist/fonts/type1/public/amsfonts/cm/cmsy9.pfb></usr/local/texlive/2018/texmf-dis
t/fonts/type1/public/amsfonts/symbols/msam5.pfb></usr/local/texlive/2018/texmf-
dist/fonts/type1/public/amsfonts/symbols/msbm10.pfb></usr/local/texlive/2018/te
xmf-dist/fonts/type1/public/amsfonts/symbols/msbm7.pfb>
Output written on "Machine Learning.pdf" (49 pages, 714440 bytes).
PDF statistics:
 730 PDF objects out of 1000 (max. 8388607)
 643 compressed objects within 7 object streams
 175 named destinations out of 1000 (max. 500000)
 478 words of extra memory for PDF output out of 10000 (max. 10000000)

